2004
150 35 151 39
194 95 196 97
86 51 87 54
147 50 158 50
184 158 186 161
117 5 117 14
193 189 194 193
41 38 49 38
145 131 148 133
124 120 127 122
107 100 118 100
116 64 117 68
152 82 160 82
46 58 46 68
107 90 108 94
142 75 152 75
20 66 22 69
141 27 143 29
37 58 45 58
153 102 154 106
156 129 159 131
109 97 120 97
113 27 113 34
78 68 89 68
80 4 82 6
167 145 175 145
120 119 127 119
192 88 193 93
95 17 106 17
156 6 156 16
110 7 112 10
173 97 174 102
17 45 18 50
60 78 60 86
4 73 6 75
118 3 125 3
126 60 137 60
67 12 67 20
24 22 29 23
160 144 162 147
41 47 41 56
26 74 27 79
32 55 33 58
156 17 163 17
32 50 33 54
105 146 116 146
58 32 59 35
83 8 85 11
63 8 64 12
9 64 9 73
84 18 84 28
60 49 61 53
195 98 195 108
139 133 142 134
121 86 132 86
155 103 165 103
45 114 46 117
121 132 131 132
181 112 185 113
133 56 144 56
59 54 61 57
170 76 172 78
152 116 152 125
196 52 196 60
188 169 188 179
82 91 85 93
153 7 155 9
140 61 142 63
198 129 199 134
61 68 61 77
196 67 197 72
195 80 197 83
103 61 104 65
135 88 146 88
132 132 139 132
157 146 157 157
188 153 188 163
1 39 5 40
86 14 95 14
153 139 153 149
11 45 16 46
38 50 38 57
90 88 92 91
63 38 65 40
55 118 64 118
184 98 189 99
92 71 97 72
31 37 34 39
64 3 74 3
168 114 169 118
160 127 160 136
34 62 36 64
92 115 103 115
199 31 199 38
111 88 122 88
196 160 197 165
32 59 33 62
62 62 63 66
192 189 192 198
34 120 34 127
176 138 176 148
71 5 76 6
187 11 198 11
158 31 169 31
70 53 78 53
193 54 193 61
9 13 20 13
196 40 198 42
163 151 167 152
93 0 96 2
30 108 31 112
10 109 19 109
161 58 169 58
183 97 183 104
191 199 196 200
92 43 103 43
185 125 185 133
199 39 199 48
186 14 193 14
52 134 63 134
29 55 30 59
160 148 162 151
173 30 174 34
74 21 75 25
167 49 169 52
165 67 166 70
189 157 190 161
55 17 59 18
120 16 131 16
74 49 82 49
34 60 41 60
172 46 176 47
199 87 199 95
102 95 105 96
167 16 167 27
153 72 154 75
39 130 40 133
71 7 76 8
34 110 34 119
99 61 102 63
149 0 156 0
58 142 69 142
111 106 122 106
174 159 174 167
74 45 77 47
81 24 81 31
39 26 40 30
119 7 124 8
163 124 166 126
98 109 103 110
49 56 51 59
175 48 175 56
32 103 34 105
108 55 109 59
88 91 89 96
137 104 142 105
177 24 180 26
53 46 55 49
59 62 61 64
60 17 62 19
193 62 193 69
186 110 187 114
50 41 55 42
159 20 159 28
12 96 12 104
92 2 92 10
13 89 16 90
83 29 83 37
196 37 198 39
120 44 131 44
167 96 174 96
31 77 39 77
104 115 104 123
180 124 184 125
123 57 134 57
29 3 30 6
105 135 116 135
24 18 35 18
177 38 182 39
89 120 94 121
68 68 77 68
194 117 195 122
7 75 8 79
96 13 100 14
185 116 185 124
62 41 62 48
81 55 84 56
177 131 178 134
181 99 182 104
174 81 183 81
92 149 103 149
35 50 37 53
84 103 87 105
51 12 54 14
112 77 119 77
139 135 142 137
35 124 38 126
116 37 117 42
173 103 176 105
2 14 4 16
98 123 103 124
111 31 111 42
16 20 21 21
85 119 88 121
170 128 170 139
9 60 14 61
170 58 173 59
134 89 145 89
60 24 62 26
108 37 110 40
7 19 7 28
145 56 150 57
193 154 195 157
106 35 110 36
25 25 36 25
163 146 164 150
86 106 88 109
64 119 64 129
140 124 141 129
194 12 196 14
50 82 51 85
186 166 186 174
27 6 28 10
143 138 146 139
163 90 164 95
73 111 78 112
115 75 126 75
5 50 13 50
195 190 197 192
49 60 51 62
102 18 105 20
90 43 91 48
132 112 132 121
26 16 37 16
25 3 28 5
163 75 164 80
79 70 84 71
163 6 167 7
45 87 48 88
160 152 162 154
170 49 171 54
2 20 4 22
104 88 108 89
133 6 144 6
97 133 99 136
30 103 31 107
198 106 199 111
193 152 197 153
153 65 156 67
89 43 89 51
68 18 75 18
118 70 120 73
155 20 158 22
130 75 141 75
155 41 158 43
120 130 120 138
41 126 42 131
193 184 194 188
48 98 48 107
9 79 12 81
39 122 39 129
196 154 197 159
125 6 127 9
48 24 51 26
168 125 170 127
59 69 59 80
49 63 51 66
174 154 175 158
110 62 113 64
144 97 145 102
66 79 77 79
180 130 184 131
165 71 167 73
195 46 195 53
185 140 189 141
43 140 47 141
52 97 60 97
85 12 85 22
196 43 197 47
189 67 191 70
161 124 162 128
141 138 141 149
119 45 130 45
183 3 183 12
131 12 136 13
42 88 43 93
159 32 162 34
189 142 189 150
181 116 184 118
153 26 154 31
191 51 193 53
177 109 178 114
159 0 164 1
194 85 199 86
40 82 41 86
15 6 26 6
124 101 135 101
49 94 49 101
42 98 46 99
118 68 129 68
160 119 160 126
194 123 194 132
110 59 117 59
12 55 23 55
2 17 4 19
64 64 66 66
82 100 83 105
15 1 16 4
168 94 176 94
40 87 41 90
49 85 49 93
85 43 88 45
176 150 180 151
31 73 34 75
126 2 129 3
45 79 49 80
189 188 191 190
151 99 154 101
106 73 107 78
166 127 166 136
187 94 189 97
3 88 5 90
171 24 176 25
17 98 18 103
14 47 16 50
93 91 93 98
156 18 159 19
62 72 64 75
110 80 110 89
89 122 100 122
179 17 180 22
191 142 192 147
20 93 25 94
176 48 176 58
191 148 192 151
66 24 73 24
69 112 72 114
90 84 98 84
194 92 196 94
162 43 164 46
77 15 80 17
121 0 128 0
46 16 51 17
39 3 50 3
139 47 150 47
17 79 22 80
113 144 124 144
45 83 49 84
6 29 17 29
123 121 123 130
35 96 35 107
52 66 57 67
35 122 38 123
150 83 150 91
84 0 92 0
64 23 65 28
89 129 92 130
177 118 179 120
55 98 66 98
60 9 62 12
57 74 58 79
165 64 168 65
139 39 139 46
54 69 56 72
142 124 143 129
85 23 96 23
49 105 60 105
193 123 193 130
17 90 20 92
190 1 191 6
143 97 143 106
162 47 171 47
164 104 165 107
73 61 84 61
193 167 194 170
56 82 59 84
145 5 156 5
183 39 191 39
94 34 99 35
99 150 110 150
28 62 28 72
17 77 22 78
192 94 193 98
150 123 151 126
76 13 76 22
152 126 157 127
89 99 90 103
32 106 34 109
50 77 51 81
87 12 97 12
45 85 48 86
69 52 69 59
198 112 199 116
170 151 170 158
113 0 120 0
38 9 49 9
116 140 127 140
194 15 195 19
154 138 158 139
137 57 142 58
122 110 132 110
50 72 51 76
192 22 194 24
31 5 42 5
89 11 100 11
129 73 140 73
136 7 147 7
106 28 109 30
184 31 188 32
91 83 99 83
197 17 197 26
145 134 149 135
184 80 188 81
177 115 179 117
157 5 167 5
157 0 158 4
44 95 46 97
13 69 13 76
68 4 79 4
142 138 142 149
54 112 65 112
150 68 155 69
193 194 196 196
156 132 158 135
151 106 152 109
189 72 190 76
118 37 120 40
41 39 48 39
161 82 161 91
122 4 127 5
11 51 16 52
8 18 12 19
25 26 36 26
179 141 183 142
160 18 162 21
57 10 59 13
36 18 47 18
107 17 112 18
156 69 164 69
34 57 36 59
95 85 97 88
156 26 158 29
83 117 83 125
72 133 82 133
109 98 116 98
165 81 167 83
93 4 100 4
160 137 162 139
105 116 116 116
42 45 43 49
138 130 149 130
6 98 8 100
165 78 167 80
28 12 39 12
112 43 123 43
171 65 173 68
55 12 56 16
13 34 13 41
188 43 190 46
2 7 7 8
154 140 155 145
5 15 6 19
148 139 149 144
139 90 144 91
186 123 189 125
105 59 107 62
29 80 37 80
61 130 72 130
51 141 54 143
107 95 108 99
190 94 190 104
46 10 51 11
135 110 136 115
9 16 20 16
60 43 61 48
54 107 65 107
195 173 197 175
20 95 28 95
49 7 54 8
189 184 191 187
199 4 199 13
17 56 22 57
31 17 42 17
22 90 25 92
14 53 25 53
18 31 29 31
114 34 125 34
22 20 23 25
93 150 98 151
132 123 135 124
44 21 46 23
184 155 186 157
186 126 188 129
184 30 192 30
160 140 162 143
102 133 107 134
174 149 175 153
75 26 75 34
179 164 182 166
62 96 73 96
120 54 125 55
4 56 15 56
49 52 51 55
12 105 15 107
73 1 82 1
150 40 161 40
185 84 187 87
10 108 20 108
186 120 189 122
168 45 179 45
113 89 124 89
129 38 139 38
44 82 44 91
52 93 63 93
73 116 84 116
182 22 191 22
124 71 135 71
181 150 183 153
3 84 5 87
10 37 11 42
118 67 129 67
78 90 89 90
157 6 162 7
146 122 149 124
47 47 48 52
196 166 197 171
183 41 186 42
149 79 150 82
19 32 30 32
47 115 58 115
108 143 119 143
197 92 197 100
47 116 58 116
103 0 112 0
40 91 41 94
198 159 199 163
133 126 138 127
14 76 15 80
44 1 55 1
102 28 105 30
145 92 150 93
104 55 107 57
84 30 95 30
146 89 149 91
144 117 146 120
175 68 180 69
5 49 13 49
63 45 65 47
62 90 73 90
25 105 27 107
99 84 99 91
23 35 28 36
165 149 170 150
99 59 104 60
86 73 97 73
52 16 54 18
143 64 152 64
72 132 83 132
76 89 87 89
0 69 3 71
174 58 174 67
192 67 192 77
191 215 196 216
24 60 28 61
45 40 48 42
0 5 4 6
88 2 91 3
8 0 16 0
86 15 90 16
80 72 91 72
192 25 194 27
108 71 115 71
115 22 126 22
159 45 161 47
100 36 102 39
6 95 8 97
19 46 28 46
186 4 186 13
168 7 172 8
194 63 194 73
40 21 43 22
32 115 33 119
173 117 173 126
6 91 8 94
56 1 60 2
197 27 198 32
54 73 55 78
194 90 197 91
69 6 70 11
29 69 30 74
181 93 182 98
155 70 156 75
194 106 194 116
96 58 107 58
64 0 72 0
44 131 55 131
64 62 67 63
150 43 153 45
26 80 27 85
82 117 82 125
20 15 31 15
192 28 195 29
177 40 182 41
179 60 182 62
9 88 12 90
52 30 53 34
10 64 13 66
73 113 84 113
125 11 136 11
83 5 85 7
174 115 176 117
21 85 21 92
70 125 81 125
143 133 144 137
106 106 110 107
23 68 24 71
67 36 69 39
151 51 156 52
168 122 171 124
77 8 78 12
173 12 181 12
121 39 132 39
179 152 179 161
117 98 128 98
159 57 160 62
128 93 139 93
49 102 52 104
192 34 192 41
108 73 115 73
177 139 178 144
42 72 44 75
157 70 162 71
148 78 148 88
45 120 55 120
145 58 156 58
160 85 160 96
10 99 10 107
121 38 128 38
68 66 79 66
101 4 109 4
189 127 190 132
162 83 164 85
38 84 38 94
185 142 188 144
189 23 191 25
34 128 37 130
98 70 99 75
56 33 57 37
179 30 179 37
34 2 38 3
25 11 36 11
46 70 48 73
193 105 193 114
81 32 82 37
117 15 128 15
175 101 178 102
0 0 7 0
99 31 102 32
79 83 90 83
47 58 48 63
197 101 197 108
47 95 47 106
139 48 146 48
173 161 173 172
32 63 33 68
141 30 143 33
141 115 152 115
179 104 180 109
50 86 51 89
35 73 38 75
146 78 146 87
102 111 104 114
100 133 101 138
179 162 183 163
61 83 72 83
23 77 25 79
47 6 54 6
122 79 124 82
196 121 196 132
115 128 120 129
55 121 60 122
98 76 99 81
16 85 20 86
20 109 20 120
52 94 59 94
191 85 191 92
101 77 101 85
104 21 105 26
4 44 4 55
7 44 18 44
73 99 83 99
4 32 13 32
35 120 40 121
180 35 182 37
176 160 178 163
80 7 82 9
131 102 142 102
186 64 188 67
170 79 172 81
173 15 180 15
197 121 199 124
159 66 166 66
190 162 190 172
35 112 36 117
65 57 67 60
71 97 82 97
95 141 106 141
177 46 179 48
39 134 40 139
199 14 199 22
114 11 114 20
91 15 93 18
133 110 134 114
102 79 110 79
65 72 65 81
91 109 92 112
169 11 172 13
9 2 9 12
4 31 13 31
79 134 84 135
188 117 190 119
184 151 188 152
77 87 82 88
59 45 59 53
177 97 180 98
133 86 144 86
106 127 117 127
54 0 63 0
1 65 8 65
85 82 96 82
131 125 139 125
1 37 5 38
29 99 31 101
0 79 2 81
156 119 159 121
199 59 199 66
9 74 12 75
153 117 160 117
0 7 1 11
66 50 69 51
98 12 109 12
112 120 123 120
119 99 130 99
168 11 168 19
189 191 191 194
7 85 8 90
191 0 199 0
196 48 197 51
167 59 169 62
27 96 28 101
81 15 81 23
53 78 53 85
175 31 178 33
198 210 199 214
91 64 96 65
60 94 71 94
186 50 188 53
76 2 87 2
117 139 128 139
147 10 150 12
66 12 66 23
26 53 30 54
194 54 194 62
140 29 140 39
93 129 93 137
34 0 38 1
171 149 173 152
196 113 196 120
38 95 38 103
65 48 65 56
122 85 133 85
175 2 183 2
147 49 158 49
162 49 166 50
157 8 167 8
140 95 145 96
166 103 170 104
157 9 167 9
159 102 170 102
28 114 29 119
1 62 9 62
100 70 100 78
170 68 170 75
102 68 102 78
152 129 155 130
28 19 39 19
151 110 152 114
43 0 53 0
98 95 101 96
118 1 122 2
35 13 46 13
198 169 198 177
44 45 48 46
105 69 107 72
47 29 55 29
6 42 9 43
198 87 198 95
184 84 184 94
171 69 173 71
155 104 163 104
97 106 102 107
105 45 106 50
84 29 95 29
127 40 132 41
184 149 188 150
98 2 109 2
61 95 72 95
165 0 174 0
57 85 59 88
91 26 102 26
6 58 17 58
122 118 131 118
105 117 112 117
189 31 192 33
183 106 187 107
175 0 179 1
37 25 38 29
56 43 59 44
192 99 193 104
71 69 82 69
62 57 63 61
149 131 153 132
192 171 192 180
25 38 30 39
173 3 173 11
19 93 19 100
75 100 78 102
4 57 15 57
43 114 44 117
171 107 176 108
155 83 160 84
94 127 94 134
182 43 187 44
54 79 55 84
66 112 68 114
138 44 138 52
0 82 2 85
194 1 195 6
98 125 103 126
134 87 145 87
66 38 66 47
198 164 199 168
21 110 23 113
100 33 102 35
172 136 176 137
1 50 1 61
98 54 109 54
143 108 147 109
10 67 13 68
198 220 199 225
100 88 103 90
39 92 39 103
109 60 109 70
198 63 198 74
130 5 141 5
135 27 140 28
161 115 162 118
183 87 183 96
40 95 41 99
76 23 80 24
56 120 63 120
198 178 198 185
50 9 59 9
124 123 125 128
10 1 14 2
188 114 190 116
55 8 62 8
121 35 132 35
39 14 50 14
171 134 171 142
108 60 108 70
89 127 93 128
124 90 135 90
183 30 183 38
94 92 97 94
189 85 190 90
194 45 194 53
162 72 162 82
81 81 92 81
5 5 8 6
32 45 33 49
147 136 149 138
123 46 134 46
132 16 143 16
170 30 172 32
168 23 179 23
83 51 85 54
196 25 196 32
191 128 192 131
45 118 54 118
193 162 194 166
188 109 189 113
128 17 131 19
155 10 155 19
119 100 130 100
163 18 163 27
171 91 182 91
22 72 27 73
157 51 158 55
36 84 37 88
163 141 164 145
44 24 46 27
67 78 78 78
29 7 40 7
124 70 135 70
189 162 189 172
67 64 67 74
52 96 61 96
153 150 156 152
24 58 28 59
60 20 62 23
77 5 79 7
168 159 173 160
83 128 88 129
177 135 178 138
98 5 109 5
18 58 22 59
118 23 120 26
84 99 88 100
184 153 187 154
89 136 89 147
39 57 48 57
121 111 132 111
104 102 105 106
195 162 195 172
44 118 44 128
25 108 27 110
187 185 188 190
40 70 40 79
67 98 78 98
13 77 13 86
184 162 186 165
52 35 55 37
170 60 173 62
193 33 195 35
161 133 164 135
189 62 190 66
29 65 30 68
141 15 152 15
17 74 20 76
48 109 59 109
159 78 161 81
14 81 15 86
162 35 162 42
113 117 124 117
185 138 189 139
133 141 140 141
15 63 16 68
96 66 104 66
88 4 91 6
168 5 172 6
50 90 51 94
126 77 129 79
81 57 89 57
31 53 31 60
186 73 188 76
182 143 183 148
110 60 113 61
35 8 46 8
52 62 54 65
111 54 119 54
153 17 153 25
176 152 178 155
180 42 181 47
139 0 148 0
109 99 118 99
31 61 31 71
135 103 142 103
112 29 112 40
122 123 122 131
28 83 38 83
138 1 147 1
110 90 112 93
1 44 3 46
150 61 155 62
89 123 97 123
161 129 163 132
173 146 175 148
83 1 92 1
87 32 98 32
196 73 197 78
173 35 178 36
147 116 151 117
1 66 8 66
14 31 17 32
5 20 5 29
67 21 70 23
193 30 195 32
106 3 117 3
167 153 167 161
195 187 197 189
18 62 22 63
169 32 169 41
114 32 119 33
31 94 33 96
18 64 22 65
42 23 43 27
10 43 17 43
165 13 167 15
191 62 192 66
162 90 162 100
96 68 100 69
135 116 146 116
1 47 3 49
191 40 191 47
0 56 0 66
158 105 160 108
83 12 84 17
1 36 12 36
102 142 113 142
165 142 166 147
78 137 86 137
154 44 158 45
197 12 198 16
199 67 199 78
148 108 150 111
48 89 48 97
173 16 180 16
56 49 58 52
9 76 12 78
189 26 191 29
85 116 88 118
121 108 132 108
53 86 56 88
45 119 54 119
23 80 25 83
52 52 52 61
67 99 72 100
123 1 132 1
186 175 186 186
26 90 30 91
113 15 113 26
37 114 39 117
55 110 66 110
185 60 187 63
168 155 169 158
0 12 1 15
163 153 166 154
144 31 147 33
74 44 84 44
75 35 78 37
41 132 42 137
105 115 116 115
196 98 196 108
78 62 89 62
34 86 35 91
6 101 8 104
134 47 136 49
30 27 35 28
87 33 98 33
26 55 28 57
65 6 68 8
98 94 106 94
114 136 117 138
87 86 92 87
39 23 41 25
37 35 40 37
162 86 164 89
198 143 199 148
150 24 150 34
174 79 185 79
52 2 55 4
192 162 192 170
66 115 77 115
97 124 97 131
68 85 79 85
195 109 196 112
51 139 56 140
157 10 164 10
165 92 166 97
152 38 161 38
174 168 182 168
111 53 122 53
16 107 24 107
172 48 174 50
168 77 169 81
67 40 69 43
110 58 117 58
18 60 22 61
106 18 106 27
174 77 179 78
66 67 66 78
79 53 80 58
187 164 188 168
23 0 33 0
175 96 176 100
143 65 152 65
41 70 41 79
184 24 185 29
91 131 92 134
199 49 199 58
133 39 138 40
183 175 185 178
136 41 138 43
69 81 80 81
197 224 197 231
193 70 193 77
44 129 49 130
125 36 136 36
118 55 118 65
28 73 28 81
140 40 149 40
2 9 7 10
195 176 197 179
147 97 150 99
138 68 149 68
41 138 42 143
64 84 75 84
156 68 164 68
189 77 191 80
43 118 43 129
68 55 68 65
78 84 89 84
96 44 107 44
168 71 169 76
151 97 154 98
193 142 193 151
35 48 38 49
65 82 75 82
40 113 42 116
28 82 37 82
111 87 122 87
109 87 109 96
118 133 119 138
189 57 190 61
151 27 151 34
5 2 8 3
197 117 199 120
48 140 50 143
174 1 174 10
68 9 68 17
191 132 192 135
104 40 107 42
107 19 110 20
0 4 8 4
156 46 158 48
70 93 81 93
87 136 88 141
163 32 165 35
182 12 182 20
161 48 161 56
106 31 110 32
185 134 190 135
86 5 86 13
34 40 34 48
192 78 193 82
167 119 172 120
42 69 44 71
193 36 194 41
195 184 197 186
38 144 49 144
106 108 117 108
27 24 38 24
164 20 166 23
177 121 179 123
143 107 150 107
192 152 192 161
151 79 151 89
163 36 167 37
189 53 190 56
121 36 124 37
128 124 130 127
5 11 6 14
23 56 23 65
79 126 84 127
189 173 190 177
145 8 146 13
198 96 199 101
55 21 57 24
60 6 64 7
143 57 144 62
43 109 44 113
123 103 134 103
58 21 59 25
82 13 82 20
53 70 53 77
74 108 85 108
167 66 170 67
14 73 16 75
17 14 28 14
58 26 59 31
116 130 119 132
188 106 190 108
138 25 149 25
164 108 167 109
136 14 147 14
104 97 105 101
56 38 57 42
150 142 152 145
121 141 132 141
69 134 74 135
170 115 173 116
31 76 39 76
196 61 197 66
125 92 136 92
89 124 96 124
25 1 30 2
91 42 102 42
91 135 92 140
86 91 87 96
110 110 121 110
125 37 136 37
129 0 138 0
42 62 44 64
10 3 14 4
119 56 130 56
193 171 194 174
90 134 90 144
58 65 61 67
66 107 77 107
111 43 111 52
45 61 45 69
163 121 171 121
79 98 90 98
64 134 68 135
165 137 166 141
198 196 199 200
29 60 30 64
121 70 123 73
19 101 26 101
49 70 52 71
82 41 93 41
83 69 94 69
70 52 80 52
149 18 150 23
140 64 142 66
162 101 172 101
198 102 199 105
172 132 176 133
87 59 98 59
164 29 174 29
2 50 3 54
48 18 49 23
101 68 101 76
94 135 94 143
185 136 190 137
63 13 65 16
108 76 110 78
177 145 181 146
71 34 71 42
63 34 66 35
14 35 22 35
173 127 175 130
135 94 146 94
42 28 46 29
136 65 139 67
198 52 198 62
108 72 115 72
55 19 59 20
191 201 196 202
147 125 149 128
143 63 152 63
16 94 16 104
42 59 45 60
62 70 65 71
25 111 26 116
5 41 5 48
81 50 82 54
142 106 142 114
93 138 93 148
127 133 138 133
168 36 168 44
128 140 139 140
56 59 58 62
135 50 136 55
147 8 152 9
137 110 141 111
3 91 5 93
185 4 185 12
116 5 116 16
191 209 196 210
133 104 136 106
3 98 5 101
29 45 31 47
74 109 85 109
163 111 163 120
181 105 182 109
143 76 148 77
197 193 197 202
172 51 174 54
115 21 126 21
133 8 144 8
168 9 172 10
36 36 36 43
43 15 54 15
113 36 120 36
114 60 117 61
147 3 156 3
48 108 59 108
137 55 144 55
14 33 23 33
123 24 133 24
180 48 188 48
96 67 104 67
169 63 173 64
151 59 156 60
169 1 173 2
55 141 66 141
13 91 16 93
103 6 114 6
195 180 197 183
174 68 174 76
179 110 180 114
99 145 110 145
171 153 173 156
18 43 29 43
52 82 52 92
52 43 55 45
174 11 182 11
32 120 33 125
93 74 96 76
114 62 117 63
115 107 126 107
8 17 18 17
63 111 72 111
85 122 88 124
17 52 26 52
155 78 158 80
111 19 111 30
183 40 190 40
153 12 154 16
42 94 43 97
52 72 52 81
105 66 107 68
83 133 90 133
39 0 42 2
46 74 49 76
35 37 35 47
194 141 199 142
191 122 192 127
197 109 197 116
24 21 35 21
94 15 105 15
56 73 56 81
7 69 8 74
45 110 46 113
78 45 83 46
9 100 9 111
67 34 70 35
148 31 149 36
27 111 27 122
38 78 39 82
151 102 152 105
184 71 191 71
107 15 112 16
85 113 88 115
58 41 61 42
118 69 129 69
159 133 159 144
162 48 171 48
165 38 167 41
106 95 106 104
93 86 94 90
170 85 172 88
0 67 3 68
148 66 152 67
169 42 179 42
93 53 104 53
158 148 159 153
76 25 80 26
43 138 54 138
13 19 23 19
104 126 115 126
61 97 70 97
79 10 82 12
155 92 155 102
149 70 154 71
179 139 183 140
191 136 192 141
145 103 150 104
161 105 163 108
103 38 107 39
195 71 195 79
198 206 199 209
193 175 194 179
70 86 81 86
138 59 142 60
191 213 196 214
59 5 70 5
41 108 42 112
75 3 82 3
10 62 13 63
82 21 83 24
100 116 102 119
147 2 156 2
125 77 125 84
67 108 69 110
63 32 74 32
85 134 89 135
181 114 185 115
186 24 188 27
60 37 62 40
189 178 190 183
62 49 64 52
52 132 57 133
34 92 35 95
198 232 198 240
159 74 161 77
85 70 96 70
24 19 27 20
97 74 97 82
55 6 59 7
44 92 47 94
118 5 118 14
69 12 76 12
91 95 92 99
193 158 195 161
29 34 31 36
181 30 182 34
39 83 39 91
57 69 58 73
79 100 81 103
100 55 103 57
4 67 8 68
38 104 42 105
8 20 15 20
108 119 119 119
159 48 160 51
191 48 193 50
127 109 138 109
90 145 91 150
39 47 40 52
43 139 50 139
151 18 151 26
25 68 27 71
132 122 143 122
113 109 124 109
173 72 173 79
182 82 183 86
57 14 59 16
191 54 192 57
37 38 40 40
45 70 45 78
31 1 33 4
7 80 8 84
197 205 197 215
136 134 138 137
177 27 179 29
140 67 147 67
113 7 114 10
196 33 198 36
24 103 29 104
184 1 186 3
71 43 73 46
0 89 2 92
170 113 174 114
0 44 0 55
127 74 138 74
7 11 7 18
121 123 121 131
180 132 183 134
152 128 159 128
70 36 70 46
153 53 156 55
95 89 97 91
189 47 190 52
61 125 63 128
51 111 62 111
38 127 38 138
24 44 33 44
152 16 152 23
112 44 119 44
124 72 135 72
23 66 27 67
161 57 171 57
163 122 167 123
126 25 137 25
195 20 195 27
191 111 192 116
174 82 181 82
164 110 167 112
85 63 96 63
100 87 108 87
3 72 3 83
108 133 117 133
17 0 22 1
114 21 114 31
153 112 154 116
192 42 194 44
195 54 195 61
171 92 182 92
180 126 184 127
42 65 44 68
37 30 38 34
43 19 47 20
151 92 154 94
39 66 41 69
26 88 33 88
81 38 86 39
0 72 2 75
181 24 183 26
16 105 24 105
27 51 31 52
12 42 23 42
155 105 157 107
12 54 23 54
115 13 115 20
97 108 104 108
176 128 178 130
165 127 165 136
91 55 99 55
159 64 164 65
70 50 75 51
119 102 130 102
90 57 99 57
45 102 45 109
13 101 15 104
190 205 195 206
168 85 168 93
136 4 147 4
125 58 136 58
189 151 190 156
26 89 33 89
164 113 167 115
140 131 144 132
28 105 29 109
32 34 35 36
79 29 80 34
193 115 193 122
64 131 69 132
32 110 33 114
37 62 41 63
160 22 162 25
177 103 178 108
151 10 154 11
197 216 197 223
103 31 105 33
150 118 151 122
69 60 80 60
134 26 145 26
32 99 34 102
101 86 109 86
145 54 150 55
60 13 62 16
191 153 191 164
110 50 110 57
61 81 64 82
157 61 158 66
2 27 3 32
165 88 166 91
187 41 190 42
165 148 172 148
171 14 172 19
193 131 193 141
120 90 123 92
100 79 100 86
150 139 152 141
148 1 156 1
192 181 192 188
36 45 41 46
1 63 9 63
91 113 95 114
183 108 187 109
110 118 121 118
189 81 191 84
180 0 190 0
50 95 51 100
17 63 17 73
182 21 193 21
133 115 134 120
158 109 163 110
101 13 112 13
175 57 175 67
13 87 16 88
157 72 161 73
184 82 187 83
199 169 199 180
139 106 141 109
154 136 158 137
95 130 95 140
9 94 12 95
190 207 195 208
134 24 145 24
15 60 17 62
110 4 118 4
115 5 115 12
156 30 157 35
191 165 191 176
3 94 5 97
26 47 28 50
34 61 44 61
46 69 53 69
156 140 157 145
67 75 70 77
59 58 61 61
123 23 134 23
16 76 16 84
55 56 58 58
168 82 171 84
134 63 139 64
50 144 61 144
26 92 30 93
91 100 91 108
54 50 55 55
195 36 195 45
155 111 160 112
9 82 10 87
198 186 198 195
46 30 51 31
152 24 152 34
9 91 12 93
64 53 64 61
34 65 41 65
136 123 145 123
84 101 88 102
146 95 146 102
112 19 112 28
171 125 171 133
58 36 59 40
74 33 74 43
17 87 20 89
1 28 1 35
63 36 66 37
98 85 98 93
17 2 24 2
19 81 21 84
13 94 15 96
4 30 15 30
198 149 198 158
2 23 4 26
175 26 176 30
56 4 67 4
90 110 90 119
153 118 160 118
193 180 194 183
187 91 190 93
196 15 196 24
139 74 150 74
89 52 100 52
197 232 197 243
60 133 71 133
40 102 44 103
143 140 147 141
35 108 36 111
177 72 188 72
30 117 31 122
116 69 117 73
161 28 172 28
150 127 151 130
192 1 193 6
4 69 6 72
181 110 185 111
120 77 124 78
31 90 33 93
70 19 75 20
29 48 31 50
95 125 96 129
60 34 62 36
42 50 46 51
115 74 126 74
14 62 14 69
63 17 64 22
0 86 2 88
34 49 34 56
168 108 169 113
79 40 90 40
66 52 68 54
187 155 187 163
97 0 102 1
124 17 127 19
166 32 168 35
184 132 184 140
191 117 192 121
107 50 109 53
60 30 62 33
30 84 35 85
199 232 199 240
176 149 183 149
192 83 193 87
118 66 129 66
45 5 56 5
152 35 155 37
65 113 65 123
28 110 29 113
0 1 9 1
85 110 88 112
16 106 24 106
65 9 67 11
90 92 92 94
73 114 84 114
125 10 136 10
112 41 115 42
35 118 40 119
36 89 37 93
62 53 63 56
126 59 137 59
159 41 161 44
61 1 72 1
172 134 176 135
108 45 109 49
75 70 78 72
130 14 135 15
165 10 167 12
175 111 176 114
128 4 129 9
192 203 197 204
66 137 77 137
105 107 105 114
180 115 180 123
83 3 86 4
180 27 180 34
155 23 158 25
112 74 114 76
170 33 172 36
180 23 188 23
109 21 110 26
61 121 63 124
70 47 73 49
167 143 172 144
117 121 122 122
191 93 191 102
140 117 143 119
198 241 199 246
108 74 111 75
106 105 117 105
186 115 187 119
41 117 42 121
30 113 31 116
138 53 149 53
187 180 188 184
29 75 30 79
172 138 175 140
68 67 79 67
161 155 166 156
161 111 162 114
72 37 73 42
26 86 31 87
191 58 192 61
24 33 35 33
196 1 199 3
88 46 88 53
8 7 8 16
73 0 83 0
137 47 137 54
104 124 115 124
166 1 168 4
56 106 67 106
29 94 30 98
40 4 51 4
183 13 185 16
119 4 121 6
40 100 45 101
163 136 164 140
2 33 13 33
106 1 117 1
84 31 95 31
1 41 4 43
183 60 184 65
67 92 78 92
184 166 185 171
23 87 25 89
82 25 83 28
31 97 34 98
175 70 186 70
173 80 173 90
164 11 164 19
181 154 183 157
19 44 23 45
112 101 123 101
67 136 78 136
181 27 183 29
13 18 23 18
96 113 101 114
142 2 146 3
106 33 110 34
40 80 44 81
121 23 122 28
13 5 24 5
40 122 42 125
99 92 106 92
113 35 120 35
19 17 30 17
60 88 64 89
16 30 27 30
154 131 155 135
172 121 172 131
184 141 184 148
64 2 75 2
167 162 172 163
180 128 184 129
43 104 44 108
194 74 194 84
175 71 183 71
72 33 73 36
97 60 98 65
184 95 186 97
156 85 159 87
194 133 194 140
118 76 129 76
157 56 158 60
150 133 153 135
157 67 164 67
30 22 39 22
183 105 190 105
47 21 47 28
0 2 4 3
191 103 191 110
2 11 4 13
17 93 18 97
167 68 169 70
66 48 69 49
54 30 55 34
130 42 135 43
31 40 33 43
62 67 65 69
93 107 96 109
166 105 169 107
177 124 179 127
154 76 158 77
155 113 160 114
179 128 179 138
13 97 15 100
55 25 57 28
76 82 84 82
104 125 115 125
147 48 155 48
168 20 171 22
38 106 42 107
170 105 170 112
63 41 65 44
56 53 58 55
194 98 194 105
52 95 60 95
65 88 70 89
103 34 105 37
85 55 90 56
52 19 54 21
76 27 80 28
93 101 94 106
168 128 169 133
163 70 164 74
176 118 176 127
92 27 103 27
98 97 103 98
47 107 47 114
194 87 197 89
47 117 58 117
111 76 111 86
158 140 158 147
198 201 199 205
147 94 150 96
49 68 60 68
4 76 6 79
74 48 85 48
83 49 87 50
165 84 167 87
55 119 63 119
6 80 6 90
161 119 162 123
146 28 149 30
146 26 149 27
0 22 1 27
198 226 199 231
41 26 41 36
66 91 77 91
89 110 89 119
153 63 156 64
49 49 52 51
6 37 9 39
49 39 49 48
95 101 96 106
174 80 183 80
52 10 56 11
36 27 36 35
144 27 145 30
153 107 154 111
60 69 60 77
198 215 199 219
134 61 139 62
128 119 131 120
72 80 83 80
173 13 177 14
21 36 22 41
23 84 25 86
168 95 176 95
42 82 43 87
159 29 163 30
177 93 180 94
0 32 0 43
87 3 87 11
0 16 1 21
165 74 167 77
95 16 106 16
22 74 25 76
77 13 81 14
133 3 141 3
183 164 183 174
56 45 58 48
181 15 181 22
39 31 40 34
93 3 104 3
146 16 151 17
198 43 198 51
195 62 195 70
60 27 62 29
52 38 55 40
92 66 95 68
83 85 94 85
188 1 188 10
56 29 57 32
105 63 107 65
130 2 132 4
94 144 105 144
197 125 199 128
126 123 127 128
84 58 95 58
61 78 64 80
194 143 197 145
98 28 101 30
0 76 2 78
150 136 153 138
191 211 196 212
128 121 131 123
31 20 42 20
155 108 157 110
108 41 109 44
168 151 169 154
187 1 187 10
37 99 37 107
102 14 113 14
91 24 96 25
65 124 76 124
97 95 97 105
22 81 22 89
20 102 31 102
130 47 133 49
167 132 167 142
176 156 178 159
89 125 94 126
9 96 11 98
179 99 180 103
1 64 8 64
124 91 135 91
70 131 81 131
88 54 97 54
171 109 176 110
63 23 63 31
23 37 30 37
123 131 134 131
58 123 60 126
133 1 137 2
14 34 25 34
37 108 40 110
24 54 25 57
161 92 161 101
97 132 108 132
144 124 145 129
195 134 197 137
36 94 37 98
14 70 16 72
60 87 71 87
9 14 12 15
110 41 110 49
178 13 181 14
174 118 175 123
79 42 90 42
17 51 26 51
103 68 103 78
187 169 187 179
41 37 49 37
145 6 155 6
188 82 188 90
13 14 16 15
171 102 172 106
189 1 189 10
56 3 63 3
31 72 39 72
43 130 43 137
37 111 39 113
176 59 187 59
50 36 51 40
49 32 51 35
159 63 168 63
151 95 154 96
172 55 174 57
2 55 3 60
36 44 47 44
35 6 46 6
70 108 73 110
135 44 137 46
149 76 151 78
177 95 180 96
6 59 17 59
93 110 96 112
190 138 190 149
195 123 195 133
147 118 149 121
50 18 51 23
11 82 12 87
199 23 199 30
177 49 188 49
167 88 167 95
45 81 49 82
93 99 96 100
6 40 9 41
21 108 24 109
159 52 160 56
52 22 54 25
167 124 167 131
149 41 154 42
63 33 71 33
152 76 153 81
89 104 90 109
151 90 156 91
